<?xml version="1.0" encoding="UTF-8"?>
<!-- Generated by org.testng.reporters.JUnitXMLReporter -->
<testsuite ignored="0" hostname="Priyankas-MacBook-Pro.local" failures="0" tests="3" name="Add Customer Test" time="12.914" errors="0" timestamp="01 Sep. 2024 11:30:17 GMT">
  <testcase classname="testcases.AddCustomerTest" name="addCustomer" time="4.587"/>
  <testcase classname="testcases.AddCustomerTest" name="addCustomer" time="4.164"/>
  <testcase classname="testcases.AddCustomerTest" name="addCustomer" time="4.154"/>
</testsuite> <!-- Add Customer Test -->
