<?xml version="1.0" encoding="UTF-8"?>
<!-- Generated by org.testng.reporters.JUnitXMLReporter -->
<testsuite ignored="0" hostname="LAPTOP-TUN1U03P" failures="0" tests="3" name="Add Customer Test" time="13.841" errors="0" timestamp="08 Jun 2024 16:08:06 GMT">
  <testcase classname="testcases.AddCustomerTest" name="addCustomer" time="4.823"/>
  <testcase classname="testcases.AddCustomerTest" name="addCustomer" time="4.467"/>
  <testcase classname="testcases.AddCustomerTest" name="addCustomer" time="4.531"/>
</testsuite> <!-- Add Customer Test -->
